This file contains any messages produced by compilers while
running configure, to aid debugging if configure makes a mistake.

It was created by CADNA_C configure 2.0.2, which was
generated by GNU Autoconf 2.69.  Invocation command line was

  $ ./configure --enable-64bit --prefix=/Users/fatine/Desktop/TP3/cadna_c-2.0.2

## --------- ##
## Platform. ##
## --------- ##

hostname = Air-de-Fatine
uname -m = x86_64
uname -r = 18.0.0
uname -s = Darwin
uname -v = Darwin Kernel Version 18.0.0: Wed Aug 22 20:13:40 PDT 2018; root:xnu-4903.201.2~1/RELEASE_X86_64

/usr/bin/uname -p = i386
/bin/uname -X     = unknown

/bin/arch              = unknown
/usr/bin/arch -k       = unknown
/usr/convex/getsysinfo = unknown
/usr/bin/hostinfo      = Mach kernel version:
	 Darwin Kernel Version 18.0.0: Wed Aug 22 20:13:40 PDT 2018; root:xnu-4903.201.2~1/RELEASE_X86_64
Kernel configured for up to 4 processors.
2 processors are physically available.
4 processors are logically available.
Processor type: x86_64h (Intel x86-64h Haswell)
Processors active: 0 1 2 3
Primary memory available: 4.00 gigabytes
Default processor set: 305 tasks, 1093 threads, 4 processors
Load average: 2.23, Mach factor: 1.77
/bin/machine           = unknown
/usr/bin/oslevel       = unknown
/bin/universe          = unknown

PATH: /usr/local/bin
PATH: /usr/bin
PATH: /bin
PATH: /usr/sbin
PATH: /sbin
PATH: /Library/TeX/texbin
PATH: /usr/local/share/dotnet
PATH: /opt/X11/bin
PATH: ~/.dotnet/tools
PATH: /Library/Frameworks/Mono.framework/Versions/Current/Commands


## ----------- ##
## Core tests. ##
## ----------- ##

configure:2255: checking for a BSD-compatible install
configure:2323: result: /usr/bin/install -c
configure:2334: checking whether build environment is sane
configure:2389: result: yes
configure:2540: checking for a thread-safe mkdir -p
configure:2579: result: admin/install-sh -c -d
configure:2586: checking for gawk
configure:2616: result: no
configure:2586: checking for mawk
configure:2616: result: no
configure:2586: checking for nawk
configure:2616: result: no
configure:2586: checking for awk
configure:2602: found /usr/bin/awk
configure:2613: result: awk
configure:2624: checking whether make sets $(MAKE)
configure:2646: result: yes
configure:2675: checking whether make supports nested variables
configure:2692: result: yes
configure:2875: checking for gcc
configure:2891: found /usr/bin/gcc
configure:2902: result: gcc
configure:3131: checking for C compiler version
configure:3140: gcc --version >&5
Apple LLVM version 10.0.0 (clang-1000.11.45.5)
Target: x86_64-apple-darwin18.0.0
Thread model: posix
InstalledDir: /Applications/Xcode.app/Contents/Developer/Toolchains/XcodeDefault.xctoolchain/usr/bin
Configured with: --prefix=/Applications/Xcode.app/Contents/Developer/usr --with-gxx-include-dir=/Applications/Xcode.app/Contents/Developer/Platforms/MacOSX.platform/Developer/SDKs/MacOSX10.14.sdk/usr/include/c++/4.2.1
configure:3151: $? = 0
configure:3140: gcc -v >&5
Configured with: --prefix=/Applications/Xcode.app/Contents/Developer/usr --with-gxx-include-dir=/Applications/Xcode.app/Contents/Developer/Platforms/MacOSX.platform/Developer/SDKs/MacOSX10.14.sdk/usr/include/c++/4.2.1
Apple LLVM version 10.0.0 (clang-1000.11.45.5)
Target: x86_64-apple-darwin18.0.0
Thread model: posix
InstalledDir: /Applications/Xcode.app/Contents/Developer/Toolchains/XcodeDefault.xctoolchain/usr/bin
configure:3151: $? = 0
configure:3140: gcc -V >&5
clang: error: argument to '-V' is missing (expected 1 value)
clang: error: no input files
configure:3151: $? = 1
configure:3140: gcc -qversion >&5
clang: error: unknown argument: '-qversion'
clang: error: no input files
configure:3151: $? = 1
configure:3171: checking whether the C compiler works
configure:3193: gcc    conftest.c  >&5
configure:3197: $? = 0
configure:3245: result: yes
configure:3248: checking for C compiler default output file name
configure:3250: result: a.out
configure:3256: checking for suffix of executables
configure:3263: gcc -o conftest    conftest.c  >&5
configure:3267: $? = 0
configure:3289: result: 
configure:3311: checking whether we are cross compiling
configure:3319: gcc -o conftest    conftest.c  >&5
configure:3323: $? = 0
configure:3330: ./conftest
configure:3334: $? = 0
configure:3349: result: no
configure:3354: checking for suffix of object files
configure:3376: gcc -c   conftest.c >&5
configure:3380: $? = 0
configure:3401: result: o
configure:3405: checking whether we are using the GNU C compiler
configure:3424: gcc -c   conftest.c >&5
configure:3424: $? = 0
configure:3433: result: yes
configure:3442: checking whether gcc accepts -g
configure:3462: gcc -c -g  conftest.c >&5
configure:3462: $? = 0
configure:3503: result: yes
configure:3520: checking for gcc option to accept ISO C89
configure:3583: gcc  -c -g -O2  conftest.c >&5
configure:3583: $? = 0
configure:3596: result: none needed
configure:3621: checking whether gcc understands -c and -o together
configure:3643: gcc -c conftest.c -o conftest2.o
configure:3646: $? = 0
configure:3643: gcc -c conftest.c -o conftest2.o
configure:3646: $? = 0
configure:3658: result: yes
configure:3686: checking for style of include used by make
configure:3714: result: GNU
configure:3740: checking dependency style of gcc
configure:3851: result: gcc3
configure:3924: checking for g++
configure:3940: found /usr/bin/g++
configure:3951: result: g++
configure:3978: checking for C++ compiler version
configure:3987: g++ --version >&5
Apple LLVM version 10.0.0 (clang-1000.11.45.5)
Target: x86_64-apple-darwin18.0.0
Thread model: posix
InstalledDir: /Applications/Xcode.app/Contents/Developer/Toolchains/XcodeDefault.xctoolchain/usr/bin
Configured with: --prefix=/Applications/Xcode.app/Contents/Developer/usr --with-gxx-include-dir=/Applications/Xcode.app/Contents/Developer/Platforms/MacOSX.platform/Developer/SDKs/MacOSX10.14.sdk/usr/include/c++/4.2.1
configure:3998: $? = 0
configure:3987: g++ -v >&5
Configured with: --prefix=/Applications/Xcode.app/Contents/Developer/usr --with-gxx-include-dir=/Applications/Xcode.app/Contents/Developer/Platforms/MacOSX.platform/Developer/SDKs/MacOSX10.14.sdk/usr/include/c++/4.2.1
Apple LLVM version 10.0.0 (clang-1000.11.45.5)
Target: x86_64-apple-darwin18.0.0
Thread model: posix
InstalledDir: /Applications/Xcode.app/Contents/Developer/Toolchains/XcodeDefault.xctoolchain/usr/bin
configure:3998: $? = 0
configure:3987: g++ -V >&5
clang: error: argument to '-V' is missing (expected 1 value)
clang: error: no input files
configure:3998: $? = 1
configure:3987: g++ -qversion >&5
clang: error: unknown argument: '-qversion'
clang: error: no input files
configure:3998: $? = 1
configure:4002: checking whether we are using the GNU C++ compiler
configure:4021: g++ -c   conftest.cpp >&5
configure:4021: $? = 0
configure:4030: result: yes
configure:4039: checking whether g++ accepts -g
configure:4059: g++ -c -g  conftest.cpp >&5
configure:4059: $? = 0
configure:4100: result: yes
configure:4125: checking dependency style of g++
configure:4236: result: gcc3
configure:4301: checking for ar
configure:4317: found /usr/bin/ar
configure:4328: result: ar
configure:4354: checking the archiver (ar) interface
configure:4370: gcc -c -g -O2  conftest.c >&5
configure:4370: $? = 0
configure:4372: ar cru libconftest.a conftest.o >&5
configure:4375: $? = 0
configure:4403: result: ar
configure:4432: checking dependency style of gcc
configure:4541: result: gcc3
configure:4601: checking for ranlib
configure:4617: found /usr/bin/ranlib
configure:4628: result: ranlib
configure:4650: checking whether make sets $(MAKE)
configure:4672: result: yes
configure:4683: checking if 64bit support is requested
configure:4692: result: 64
configure:4695: checking if OpenMP support is requested
configure:4702: result: 
configure:4710: checking how to run the C preprocessor
configure:4741: gcc -E  conftest.c
configure:4741: $? = 0
configure:4755: gcc -E  conftest.c
conftest.c:11:10: fatal error: 'ac_nonexistent.h' file not found
#include <ac_nonexistent.h>
         ^~~~~~~~~~~~~~~~~~
1 error generated.
configure:4755: $? = 1
configure: failed program was:
| /* confdefs.h */
| #define PACKAGE_NAME "CADNA_C"
| #define PACKAGE_TARNAME "cadna_c"
| #define PACKAGE_VERSION "2.0.2"
| #define PACKAGE_STRING "CADNA_C 2.0.2"
| #define PACKAGE_BUGREPORT "cadna-team@lip6.fr"
| #define PACKAGE_URL ""
| #define PACKAGE "cadna_c"
| #define VERSION "2.0.2"
| /* end confdefs.h.  */
| #include <ac_nonexistent.h>
configure:4780: result: gcc -E
configure:4800: gcc -E  conftest.c
configure:4800: $? = 0
configure:4814: gcc -E  conftest.c
conftest.c:11:10: fatal error: 'ac_nonexistent.h' file not found
#include <ac_nonexistent.h>
         ^~~~~~~~~~~~~~~~~~
1 error generated.
configure:4814: $? = 1
configure: failed program was:
| /* confdefs.h */
| #define PACKAGE_NAME "CADNA_C"
| #define PACKAGE_TARNAME "cadna_c"
| #define PACKAGE_VERSION "2.0.2"
| #define PACKAGE_STRING "CADNA_C 2.0.2"
| #define PACKAGE_BUGREPORT "cadna-team@lip6.fr"
| #define PACKAGE_URL ""
| #define PACKAGE "cadna_c"
| #define VERSION "2.0.2"
| /* end confdefs.h.  */
| #include <ac_nonexistent.h>
configure:4843: checking for grep that handles long lines and -e
configure:4901: result: /usr/bin/grep
configure:4906: checking for egrep
configure:4968: result: /usr/bin/grep -E
configure:4973: checking for ANSI C header files
configure:4993: gcc -c -g -O2  conftest.c >&5
configure:4993: $? = 0
configure:5066: gcc -o conftest -g -O2   conftest.c  >&5
configure:5066: $? = 0
configure:5066: ./conftest
configure:5066: $? = 0
configure:5077: result: yes
configure:5090: checking for sys/types.h
configure:5090: gcc -c -g -O2  conftest.c >&5
configure:5090: $? = 0
configure:5090: result: yes
configure:5090: checking for sys/stat.h
configure:5090: gcc -c -g -O2  conftest.c >&5
configure:5090: $? = 0
configure:5090: result: yes
configure:5090: checking for stdlib.h
configure:5090: gcc -c -g -O2  conftest.c >&5
configure:5090: $? = 0
configure:5090: result: yes
configure:5090: checking for string.h
configure:5090: gcc -c -g -O2  conftest.c >&5
configure:5090: $? = 0
configure:5090: result: yes
configure:5090: checking for memory.h
configure:5090: gcc -c -g -O2  conftest.c >&5
configure:5090: $? = 0
configure:5090: result: yes
configure:5090: checking for strings.h
configure:5090: gcc -c -g -O2  conftest.c >&5
configure:5090: $? = 0
configure:5090: result: yes
configure:5090: checking for inttypes.h
configure:5090: gcc -c -g -O2  conftest.c >&5
configure:5090: $? = 0
configure:5090: result: yes
configure:5090: checking for stdint.h
configure:5090: gcc -c -g -O2  conftest.c >&5
configure:5090: $? = 0
configure:5090: result: yes
configure:5090: checking for unistd.h
configure:5090: gcc -c -g -O2  conftest.c >&5
configure:5090: $? = 0
configure:5090: result: yes
configure:5104: checking math.h usability
configure:5104: gcc -c -g -O2  conftest.c >&5
configure:5104: $? = 0
configure:5104: result: yes
configure:5104: checking math.h presence
configure:5104: gcc -E  conftest.c
configure:5104: $? = 0
configure:5104: result: yes
configure:5104: checking for math.h
configure:5104: result: yes
configure:5117: checking for acos in -lm
configure:5142: gcc -o conftest -g -O2   conftest.c -lm   >&5
conftest.c:29:6: warning: incompatible redeclaration of library function 'acos' [-Wincompatible-library-redeclaration]
char acos ();
     ^
conftest.c:29:6: note: 'acos' is a builtin with type 'double (double)'
1 warning generated.
configure:5142: $? = 0
configure:5151: result: yes
configure:5154: result: 
configure:5160: checking for acosf in -lm
configure:5185: gcc -o conftest -g -O2   conftest.c -lm   >&5
conftest.c:29:6: warning: incompatible redeclaration of library function 'acosf' [-Wincompatible-library-redeclaration]
char acosf ();
     ^
conftest.c:29:6: note: 'acosf' is a builtin with type 'float (float)'
1 warning generated.
configure:5185: $? = 0
configure:5194: result: yes
configure:5197: result: 
configure:5203: checking for acosh in -lm
configure:5228: gcc -o conftest -g -O2   conftest.c -lm   >&5
conftest.c:29:6: warning: incompatible redeclaration of library function 'acosh' [-Wincompatible-library-redeclaration]
char acosh ();
     ^
conftest.c:29:6: note: 'acosh' is a builtin with type 'double (double)'
1 warning generated.
configure:5228: $? = 0
configure:5237: result: yes
configure:5240: result: 
configure:5246: checking for acoshf in -lm
configure:5271: gcc -o conftest -g -O2   conftest.c -lm   >&5
conftest.c:29:6: warning: incompatible redeclaration of library function 'acoshf' [-Wincompatible-library-redeclaration]
char acoshf ();
     ^
conftest.c:29:6: note: 'acoshf' is a builtin with type 'float (float)'
1 warning generated.
configure:5271: $? = 0
configure:5280: result: yes
configure:5283: result: 
configure:5289: checking for asin in -lm
configure:5314: gcc -o conftest -g -O2   conftest.c -lm   >&5
conftest.c:29:6: warning: incompatible redeclaration of library function 'asin' [-Wincompatible-library-redeclaration]
char asin ();
     ^
conftest.c:29:6: note: 'asin' is a builtin with type 'double (double)'
1 warning generated.
configure:5314: $? = 0
configure:5323: result: yes
configure:5326: result: 
configure:5332: checking for asinf in -lm
configure:5357: gcc -o conftest -g -O2   conftest.c -lm   >&5
conftest.c:29:6: warning: incompatible redeclaration of library function 'asinf' [-Wincompatible-library-redeclaration]
char asinf ();
     ^
conftest.c:29:6: note: 'asinf' is a builtin with type 'float (float)'
1 warning generated.
configure:5357: $? = 0
configure:5366: result: yes
configure:5369: result: 
configure:5375: checking for asinh in -lm
configure:5400: gcc -o conftest -g -O2   conftest.c -lm   >&5
conftest.c:29:6: warning: incompatible redeclaration of library function 'asinh' [-Wincompatible-library-redeclaration]
char asinh ();
     ^
conftest.c:29:6: note: 'asinh' is a builtin with type 'double (double)'
1 warning generated.
configure:5400: $? = 0
configure:5409: result: yes
configure:5412: result: 
configure:5418: checking for asinhf in -lm
configure:5443: gcc -o conftest -g -O2   conftest.c -lm   >&5
conftest.c:29:6: warning: incompatible redeclaration of library function 'asinhf' [-Wincompatible-library-redeclaration]
char asinhf ();
     ^
conftest.c:29:6: note: 'asinhf' is a builtin with type 'float (float)'
1 warning generated.
configure:5443: $? = 0
configure:5452: result: yes
configure:5455: result: 
configure:5461: checking for atan in -lm
configure:5486: gcc -o conftest -g -O2   conftest.c -lm   >&5
conftest.c:29:6: warning: incompatible redeclaration of library function 'atan' [-Wincompatible-library-redeclaration]
char atan ();
     ^
conftest.c:29:6: note: 'atan' is a builtin with type 'double (double)'
1 warning generated.
configure:5486: $? = 0
configure:5495: result: yes
configure:5498: result: 
configure:5504: checking for atan2 in -lm
configure:5529: gcc -o conftest -g -O2   conftest.c -lm   >&5
conftest.c:29:6: warning: incompatible redeclaration of library function 'atan2' [-Wincompatible-library-redeclaration]
char atan2 ();
     ^
conftest.c:29:6: note: 'atan2' is a builtin with type 'double (double, double)'
1 warning generated.
configure:5529: $? = 0
configure:5538: result: yes
configure:5541: result: 
configure:5547: checking for atan2f in -lm
configure:5572: gcc -o conftest -g -O2   conftest.c -lm   >&5
conftest.c:29:6: warning: incompatible redeclaration of library function 'atan2f' [-Wincompatible-library-redeclaration]
char atan2f ();
     ^
conftest.c:29:6: note: 'atan2f' is a builtin with type 'float (float, float)'
1 warning generated.
configure:5572: $? = 0
configure:5581: result: yes
configure:5584: result: 
configure:5590: checking for atanf in -lm
configure:5615: gcc -o conftest -g -O2   conftest.c -lm   >&5
conftest.c:29:6: warning: incompatible redeclaration of library function 'atanf' [-Wincompatible-library-redeclaration]
char atanf ();
     ^
conftest.c:29:6: note: 'atanf' is a builtin with type 'float (float)'
1 warning generated.
configure:5615: $? = 0
configure:5624: result: yes
configure:5627: result: 
configure:5633: checking for atanh in -lm
configure:5658: gcc -o conftest -g -O2   conftest.c -lm   >&5
conftest.c:29:6: warning: incompatible redeclaration of library function 'atanh' [-Wincompatible-library-redeclaration]
char atanh ();
     ^
conftest.c:29:6: note: 'atanh' is a builtin with type 'double (double)'
1 warning generated.
configure:5658: $? = 0
configure:5667: result: yes
configure:5670: result: 
configure:5676: checking for atanhf in -lm
configure:5701: gcc -o conftest -g -O2   conftest.c -lm   >&5
conftest.c:29:6: warning: incompatible redeclaration of library function 'atanhf' [-Wincompatible-library-redeclaration]
char atanhf ();
     ^
conftest.c:29:6: note: 'atanhf' is a builtin with type 'float (float)'
1 warning generated.
configure:5701: $? = 0
configure:5710: result: yes
configure:5713: result: 
configure:5719: checking for cbrt in -lm
configure:5744: gcc -o conftest -g -O2   conftest.c -lm   >&5
conftest.c:29:6: warning: incompatible redeclaration of library function 'cbrt' [-Wincompatible-library-redeclaration]
char cbrt ();
     ^
conftest.c:29:6: note: 'cbrt' is a builtin with type 'double (double)'
1 warning generated.
configure:5744: $? = 0
configure:5753: result: yes
configure:5756: result: 
configure:5762: checking for cbrtf in -lm
configure:5787: gcc -o conftest -g -O2   conftest.c -lm   >&5
conftest.c:29:6: warning: incompatible redeclaration of library function 'cbrtf' [-Wincompatible-library-redeclaration]
char cbrtf ();
     ^
conftest.c:29:6: note: 'cbrtf' is a builtin with type 'float (float)'
1 warning generated.
configure:5787: $? = 0
configure:5796: result: yes
configure:5799: result: 
configure:5805: checking for cos in -lm
configure:5830: gcc -o conftest -g -O2   conftest.c -lm   >&5
conftest.c:29:6: warning: incompatible redeclaration of library function 'cos' [-Wincompatible-library-redeclaration]
char cos ();
     ^
conftest.c:29:6: note: 'cos' is a builtin with type 'double (double)'
1 warning generated.
configure:5830: $? = 0
configure:5839: result: yes
configure:5842: result: 
configure:5848: checking for cosf in -lm
configure:5873: gcc -o conftest -g -O2   conftest.c -lm   >&5
conftest.c:29:6: warning: incompatible redeclaration of library function 'cosf' [-Wincompatible-library-redeclaration]
char cosf ();
     ^
conftest.c:29:6: note: 'cosf' is a builtin with type 'float (float)'
1 warning generated.
configure:5873: $? = 0
configure:5882: result: yes
configure:5885: result: 
configure:5891: checking for cosh in -lm
configure:5916: gcc -o conftest -g -O2   conftest.c -lm   >&5
conftest.c:29:6: warning: incompatible redeclaration of library function 'cosh' [-Wincompatible-library-redeclaration]
char cosh ();
     ^
conftest.c:29:6: note: 'cosh' is a builtin with type 'double (double)'
1 warning generated.
configure:5916: $? = 0
configure:5925: result: yes
configure:5928: result: 
configure:5934: checking for coshf in -lm
configure:5959: gcc -o conftest -g -O2   conftest.c -lm   >&5
conftest.c:29:6: warning: incompatible redeclaration of library function 'coshf' [-Wincompatible-library-redeclaration]
char coshf ();
     ^
conftest.c:29:6: note: 'coshf' is a builtin with type 'float (float)'
1 warning generated.
configure:5959: $? = 0
configure:5968: result: yes
configure:5971: result: 
configure:5977: checking for exp in -lm
configure:6002: gcc -o conftest -g -O2   conftest.c -lm   >&5
conftest.c:29:6: warning: incompatible redeclaration of library function 'exp' [-Wincompatible-library-redeclaration]
char exp ();
     ^
conftest.c:29:6: note: 'exp' is a builtin with type 'double (double)'
1 warning generated.
configure:6002: $? = 0
configure:6011: result: yes
configure:6014: result: 
configure:6020: checking for exp2 in -lm
configure:6045: gcc -o conftest -g -O2   conftest.c -lm   >&5
conftest.c:29:6: warning: incompatible redeclaration of library function 'exp2' [-Wincompatible-library-redeclaration]
char exp2 ();
     ^
conftest.c:29:6: note: 'exp2' is a builtin with type 'double (double)'
1 warning generated.
configure:6045: $? = 0
configure:6054: result: yes
configure:6057: result: 
configure:6063: checking for exp2f in -lm
configure:6088: gcc -o conftest -g -O2   conftest.c -lm   >&5
conftest.c:29:6: warning: incompatible redeclaration of library function 'exp2f' [-Wincompatible-library-redeclaration]
char exp2f ();
     ^
conftest.c:29:6: note: 'exp2f' is a builtin with type 'float (float)'
1 warning generated.
configure:6088: $? = 0
configure:6097: result: yes
configure:6100: result: 
configure:6106: checking for expf in -lm
configure:6131: gcc -o conftest -g -O2   conftest.c -lm   >&5
conftest.c:29:6: warning: incompatible redeclaration of library function 'expf' [-Wincompatible-library-redeclaration]
char expf ();
     ^
conftest.c:29:6: note: 'expf' is a builtin with type 'float (float)'
1 warning generated.
configure:6131: $? = 0
configure:6140: result: yes
configure:6143: result: 
configure:6149: checking for expm1 in -lm
configure:6174: gcc -o conftest -g -O2   conftest.c -lm   >&5
conftest.c:29:6: warning: incompatible redeclaration of library function 'expm1' [-Wincompatible-library-redeclaration]
char expm1 ();
     ^
conftest.c:29:6: note: 'expm1' is a builtin with type 'double (double)'
1 warning generated.
configure:6174: $? = 0
configure:6183: result: yes
configure:6186: result: 
configure:6192: checking for expm1f in -lm
configure:6217: gcc -o conftest -g -O2   conftest.c -lm   >&5
conftest.c:29:6: warning: incompatible redeclaration of library function 'expm1f' [-Wincompatible-library-redeclaration]
char expm1f ();
     ^
conftest.c:29:6: note: 'expm1f' is a builtin with type 'float (float)'
1 warning generated.
configure:6217: $? = 0
configure:6226: result: yes
configure:6229: result: 
configure:6235: checking for fmax in -lm
configure:6260: gcc -o conftest -g -O2   conftest.c -lm   >&5
conftest.c:29:6: warning: incompatible redeclaration of library function 'fmax' [-Wincompatible-library-redeclaration]
char fmax ();
     ^
conftest.c:29:6: note: 'fmax' is a builtin with type 'double (double, double)'
1 warning generated.
configure:6260: $? = 0
configure:6269: result: yes
configure:6272: result: 
configure:6278: checking for fmaxf in -lm
configure:6303: gcc -o conftest -g -O2   conftest.c -lm   >&5
conftest.c:29:6: warning: incompatible redeclaration of library function 'fmaxf' [-Wincompatible-library-redeclaration]
char fmaxf ();
     ^
conftest.c:29:6: note: 'fmaxf' is a builtin with type 'float (float, float)'
1 warning generated.
configure:6303: $? = 0
configure:6312: result: yes
configure:6315: result: 
configure:6321: checking for fmin in -lm
configure:6346: gcc -o conftest -g -O2   conftest.c -lm   >&5
conftest.c:29:6: warning: incompatible redeclaration of library function 'fmin' [-Wincompatible-library-redeclaration]
char fmin ();
     ^
conftest.c:29:6: note: 'fmin' is a builtin with type 'double (double, double)'
1 warning generated.
configure:6346: $? = 0
configure:6355: result: yes
configure:6358: result: 
configure:6364: checking for fminf in -lm
configure:6389: gcc -o conftest -g -O2   conftest.c -lm   >&5
conftest.c:29:6: warning: incompatible redeclaration of library function 'fminf' [-Wincompatible-library-redeclaration]
char fminf ();
     ^
conftest.c:29:6: note: 'fminf' is a builtin with type 'float (float, float)'
1 warning generated.
configure:6389: $? = 0
configure:6398: result: yes
configure:6401: result: 
configure:6407: checking for hypot in -lm
configure:6432: gcc -o conftest -g -O2   conftest.c -lm   >&5
conftest.c:29:6: warning: incompatible redeclaration of library function 'hypot' [-Wincompatible-library-redeclaration]
char hypot ();
     ^
conftest.c:29:6: note: 'hypot' is a builtin with type 'double (double, double)'
1 warning generated.
configure:6432: $? = 0
configure:6441: result: yes
configure:6444: result: 
configure:6450: checking for hypotf in -lm
configure:6475: gcc -o conftest -g -O2   conftest.c -lm   >&5
conftest.c:29:6: warning: incompatible redeclaration of library function 'hypotf' [-Wincompatible-library-redeclaration]
char hypotf ();
     ^
conftest.c:29:6: note: 'hypotf' is a builtin with type 'float (float, float)'
1 warning generated.
configure:6475: $? = 0
configure:6484: result: yes
configure:6487: result: 
configure:6493: checking for log in -lm
configure:6518: gcc -o conftest -g -O2   conftest.c -lm   >&5
conftest.c:29:6: warning: incompatible redeclaration of library function 'log' [-Wincompatible-library-redeclaration]
char log ();
     ^
conftest.c:29:6: note: 'log' is a builtin with type 'double (double)'
1 warning generated.
configure:6518: $? = 0
configure:6527: result: yes
configure:6530: result: 
configure:6536: checking for log10 in -lm
configure:6561: gcc -o conftest -g -O2   conftest.c -lm   >&5
conftest.c:29:6: warning: incompatible redeclaration of library function 'log10' [-Wincompatible-library-redeclaration]
char log10 ();
     ^
conftest.c:29:6: note: 'log10' is a builtin with type 'double (double)'
1 warning generated.
configure:6561: $? = 0
configure:6570: result: yes
configure:6573: result: 
configure:6579: checking for log10f in -lm
configure:6604: gcc -o conftest -g -O2   conftest.c -lm   >&5
conftest.c:29:6: warning: incompatible redeclaration of library function 'log10f' [-Wincompatible-library-redeclaration]
char log10f ();
     ^
conftest.c:29:6: note: 'log10f' is a builtin with type 'float (float)'
1 warning generated.
configure:6604: $? = 0
configure:6613: result: yes
configure:6616: result: 
configure:6622: checking for log1p in -lm
configure:6647: gcc -o conftest -g -O2   conftest.c -lm   >&5
conftest.c:29:6: warning: incompatible redeclaration of library function 'log1p' [-Wincompatible-library-redeclaration]
char log1p ();
     ^
conftest.c:29:6: note: 'log1p' is a builtin with type 'double (double)'
1 warning generated.
configure:6647: $? = 0
configure:6656: result: yes
configure:6659: result: 
configure:6665: checking for log1pf in -lm
configure:6690: gcc -o conftest -g -O2   conftest.c -lm   >&5
conftest.c:29:6: warning: incompatible redeclaration of library function 'log1pf' [-Wincompatible-library-redeclaration]
char log1pf ();
     ^
conftest.c:29:6: note: 'log1pf' is a builtin with type 'float (float)'
1 warning generated.
configure:6690: $? = 0
configure:6699: result: yes
configure:6702: result: 
configure:6708: checking for log2 in -lm
configure:6733: gcc -o conftest -g -O2   conftest.c -lm   >&5
conftest.c:29:6: warning: incompatible redeclaration of library function 'log2' [-Wincompatible-library-redeclaration]
char log2 ();
     ^
conftest.c:29:6: note: 'log2' is a builtin with type 'double (double)'
1 warning generated.
configure:6733: $? = 0
configure:6742: result: yes
configure:6745: result: 
configure:6751: checking for log2f in -lm
configure:6776: gcc -o conftest -g -O2   conftest.c -lm   >&5
conftest.c:29:6: warning: incompatible redeclaration of library function 'log2f' [-Wincompatible-library-redeclaration]
char log2f ();
     ^
conftest.c:29:6: note: 'log2f' is a builtin with type 'float (float)'
1 warning generated.
configure:6776: $? = 0
configure:6785: result: yes
configure:6788: result: 
configure:6794: checking for logb in -lm
configure:6819: gcc -o conftest -g -O2   conftest.c -lm   >&5
conftest.c:29:6: warning: incompatible redeclaration of library function 'logb' [-Wincompatible-library-redeclaration]
char logb ();
     ^
conftest.c:29:6: note: 'logb' is a builtin with type 'double (double)'
1 warning generated.
configure:6819: $? = 0
configure:6828: result: yes
configure:6831: result: 
configure:6837: checking for logbf in -lm
configure:6862: gcc -o conftest -g -O2   conftest.c -lm   >&5
conftest.c:29:6: warning: incompatible redeclaration of library function 'logbf' [-Wincompatible-library-redeclaration]
char logbf ();
     ^
conftest.c:29:6: note: 'logbf' is a builtin with type 'float (float)'
1 warning generated.
configure:6862: $? = 0
configure:6871: result: yes
configure:6874: result: 
configure:6880: checking for logf in -lm
configure:6905: gcc -o conftest -g -O2   conftest.c -lm   >&5
conftest.c:29:6: warning: incompatible redeclaration of library function 'logf' [-Wincompatible-library-redeclaration]
char logf ();
     ^
conftest.c:29:6: note: 'logf' is a builtin with type 'float (float)'
1 warning generated.
configure:6905: $? = 0
configure:6914: result: yes
configure:6917: result: 
configure:6923: checking for pow in -lm
configure:6948: gcc -o conftest -g -O2   conftest.c -lm   >&5
conftest.c:29:6: warning: incompatible redeclaration of library function 'pow' [-Wincompatible-library-redeclaration]
char pow ();
     ^
conftest.c:29:6: note: 'pow' is a builtin with type 'double (double, double)'
1 warning generated.
configure:6948: $? = 0
configure:6957: result: yes
configure:6960: result: 
configure:6966: checking for powf in -lm
configure:6991: gcc -o conftest -g -O2   conftest.c -lm   >&5
conftest.c:29:6: warning: incompatible redeclaration of library function 'powf' [-Wincompatible-library-redeclaration]
char powf ();
     ^
conftest.c:29:6: note: 'powf' is a builtin with type 'float (float, float)'
1 warning generated.
configure:6991: $? = 0
configure:7000: result: yes
configure:7003: result: 
configure:7009: checking for sin in -lm
configure:7034: gcc -o conftest -g -O2   conftest.c -lm   >&5
conftest.c:29:6: warning: incompatible redeclaration of library function 'sin' [-Wincompatible-library-redeclaration]
char sin ();
     ^
conftest.c:29:6: note: 'sin' is a builtin with type 'double (double)'
1 warning generated.
configure:7034: $? = 0
configure:7043: result: yes
configure:7046: result: 
configure:7052: checking for sinf in -lm
configure:7077: gcc -o conftest -g -O2   conftest.c -lm   >&5
conftest.c:29:6: warning: incompatible redeclaration of library function 'sinf' [-Wincompatible-library-redeclaration]
char sinf ();
     ^
conftest.c:29:6: note: 'sinf' is a builtin with type 'float (float)'
1 warning generated.
configure:7077: $? = 0
configure:7086: result: yes
configure:7089: result: 
configure:7095: checking for sinh in -lm
configure:7120: gcc -o conftest -g -O2   conftest.c -lm   >&5
conftest.c:29:6: warning: incompatible redeclaration of library function 'sinh' [-Wincompatible-library-redeclaration]
char sinh ();
     ^
conftest.c:29:6: note: 'sinh' is a builtin with type 'double (double)'
1 warning generated.
configure:7120: $? = 0
configure:7129: result: yes
configure:7132: result: 
configure:7138: checking for sinhf in -lm
configure:7163: gcc -o conftest -g -O2   conftest.c -lm   >&5
conftest.c:29:6: warning: incompatible redeclaration of library function 'sinhf' [-Wincompatible-library-redeclaration]
char sinhf ();
     ^
conftest.c:29:6: note: 'sinhf' is a builtin with type 'float (float)'
1 warning generated.
configure:7163: $? = 0
configure:7172: result: yes
configure:7175: result: 
configure:7181: checking for sqrt in -lm
configure:7206: gcc -o conftest -g -O2   conftest.c -lm   >&5
conftest.c:29:6: warning: incompatible redeclaration of library function 'sqrt' [-Wincompatible-library-redeclaration]
char sqrt ();
     ^
conftest.c:29:6: note: 'sqrt' is a builtin with type 'double (double)'
1 warning generated.
configure:7206: $? = 0
configure:7215: result: yes
configure:7218: result: 
configure:7224: checking for sqrtf in -lm
configure:7249: gcc -o conftest -g -O2   conftest.c -lm   >&5
conftest.c:29:6: warning: incompatible redeclaration of library function 'sqrtf' [-Wincompatible-library-redeclaration]
char sqrtf ();
     ^
conftest.c:29:6: note: 'sqrtf' is a builtin with type 'float (float)'
1 warning generated.
configure:7249: $? = 0
configure:7258: result: yes
configure:7261: result: 
configure:7267: checking for tan in -lm
configure:7292: gcc -o conftest -g -O2   conftest.c -lm   >&5
conftest.c:29:6: warning: incompatible redeclaration of library function 'tan' [-Wincompatible-library-redeclaration]
char tan ();
     ^
conftest.c:29:6: note: 'tan' is a builtin with type 'double (double)'
1 warning generated.
configure:7292: $? = 0
configure:7301: result: yes
configure:7304: result: 
configure:7310: checking for tanf in -lm
configure:7335: gcc -o conftest -g -O2   conftest.c -lm   >&5
conftest.c:29:6: warning: incompatible redeclaration of library function 'tanf' [-Wincompatible-library-redeclaration]
char tanf ();
     ^
conftest.c:29:6: note: 'tanf' is a builtin with type 'float (float)'
1 warning generated.
configure:7335: $? = 0
configure:7344: result: yes
configure:7347: result: 
configure:7353: checking for tanh in -lm
configure:7378: gcc -o conftest -g -O2   conftest.c -lm   >&5
conftest.c:29:6: warning: incompatible redeclaration of library function 'tanh' [-Wincompatible-library-redeclaration]
char tanh ();
     ^
conftest.c:29:6: note: 'tanh' is a builtin with type 'double (double)'
1 warning generated.
configure:7378: $? = 0
configure:7387: result: yes
configure:7390: result: 
configure:7396: checking for tanhf in -lm
configure:7421: gcc -o conftest -g -O2   conftest.c -lm   >&5
conftest.c:29:6: warning: incompatible redeclaration of library function 'tanhf' [-Wincompatible-library-redeclaration]
char tanhf ();
     ^
conftest.c:29:6: note: 'tanhf' is a builtin with type 'float (float)'
1 warning generated.
configure:7421: $? = 0
configure:7430: result: yes
configure:7433: result: 
configure:7439: checking for tanf in -lm
configure:7473: result: yes
configure:7476: result: 
configure:7482: checking for tanh in -lm
configure:7516: result: yes
configure:7519: result: 
configure:7525: checking for tanhf in -lm
configure:7559: result: yes
configure:7562: result: 
configure:7568: checking for frexp in -lm
configure:7593: gcc -o conftest -g -O2   conftest.c -lm   >&5
conftest.c:29:6: warning: incompatible redeclaration of library function 'frexp' [-Wincompatible-library-redeclaration]
char frexp ();
     ^
conftest.c:29:6: note: 'frexp' is a builtin with type 'double (double, int *)'
1 warning generated.
configure:7593: $? = 0
configure:7602: result: yes
configure:7605: result: 
configure:7611: checking for frexpf in -lm
configure:7636: gcc -o conftest -g -O2   conftest.c -lm   >&5
conftest.c:29:6: warning: incompatible redeclaration of library function 'frexpf' [-Wincompatible-library-redeclaration]
char frexpf ();
     ^
conftest.c:29:6: note: 'frexpf' is a builtin with type 'float (float, int *)'
1 warning generated.
configure:7636: $? = 0
configure:7645: result: yes
configure:7648: result: 
configure:7654: checking for ldexp in -lm
configure:7679: gcc -o conftest -g -O2   conftest.c -lm   >&5
conftest.c:29:6: warning: incompatible redeclaration of library function 'ldexp' [-Wincompatible-library-redeclaration]
char ldexp ();
     ^
conftest.c:29:6: note: 'ldexp' is a builtin with type 'double (double, int)'
1 warning generated.
configure:7679: $? = 0
configure:7688: result: yes
configure:7691: result: 
configure:7697: checking for ldexpf in -lm
configure:7722: gcc -o conftest -g -O2   conftest.c -lm   >&5
conftest.c:29:6: warning: incompatible redeclaration of library function 'ldexpf' [-Wincompatible-library-redeclaration]
char ldexpf ();
     ^
conftest.c:29:6: note: 'ldexpf' is a builtin with type 'float (float, int)'
1 warning generated.
configure:7722: $? = 0
configure:7731: result: yes
configure:7734: result: 
configure:7740: checking for fmod in -lm
configure:7765: gcc -o conftest -g -O2   conftest.c -lm   >&5
conftest.c:29:6: warning: incompatible redeclaration of library function 'fmod' [-Wincompatible-library-redeclaration]
char fmod ();
     ^
conftest.c:29:6: note: 'fmod' is a builtin with type 'double (double, double)'
1 warning generated.
configure:7765: $? = 0
configure:7774: result: yes
configure:7777: result: 
configure:7783: checking for fmodf in -lm
configure:7808: gcc -o conftest -g -O2   conftest.c -lm   >&5
conftest.c:29:6: warning: incompatible redeclaration of library function 'fmodf' [-Wincompatible-library-redeclaration]
char fmodf ();
     ^
conftest.c:29:6: note: 'fmodf' is a builtin with type 'float (float, float)'
1 warning generated.
configure:7808: $? = 0
configure:7817: result: yes
configure:7820: result: 
configure:7826: checking for modf in -lm
configure:7851: gcc -o conftest -g -O2   conftest.c -lm   >&5
conftest.c:29:6: warning: incompatible redeclaration of library function 'modf' [-Wincompatible-library-redeclaration]
char modf ();
     ^
conftest.c:29:6: note: 'modf' is a builtin with type 'double (double, double *)'
1 warning generated.
configure:7851: $? = 0
configure:7860: result: yes
configure:7863: result: 
configure:7869: checking for modff in -lm
configure:7894: gcc -o conftest -g -O2   conftest.c -lm   >&5
conftest.c:29:6: warning: incompatible redeclaration of library function 'modff' [-Wincompatible-library-redeclaration]
char modff ();
     ^
conftest.c:29:6: note: 'modff' is a builtin with type 'float (float, float *)'
1 warning generated.
configure:7894: $? = 0
configure:7903: result: yes
configure:7906: result: 
configure:7923: checking build system type
configure:7937: result: x86_64-apple-darwin18.0.0
configure:7957: checking host system type
configure:7970: result: x86_64-apple-darwin18.0.0
configure:8024: checking g++ ... 
configure:8046: g++ -o conftest -g -Wall -O3 -I${prefix}/include -frounding-math   conftest.cpp  >&5
clang: warning: optimization flag '-frounding-math' is not supported [-Wignored-optimization-argument]
configure:8046: $? = 0
configure:8046: ./conftest
configure:8046: $? = 0
configure:8048: result: OK
configure:8199: checking that generated files are newer than configure
configure:8205: result: done
configure:8236: creating ./config.status

## ---------------------- ##
## Running config.status. ##
## ---------------------- ##

This file was extended by CADNA_C config.status 2.0.2, which was
generated by GNU Autoconf 2.69.  Invocation command line was

  CONFIG_FILES    = 
  CONFIG_HEADERS  = 
  CONFIG_LINKS    = 
  CONFIG_COMMANDS = 
  $ ./config.status 

on Air-de-Fatine

config.status:885: creating Makefile
config.status:885: creating src/Makefile
config.status:885: creating examples/Makefile
config.status:885: creating config.h
config.status:1126: linking src/cadna_math_gnu.cc to src/cadna_math.cc
config.status:1145: executing depfiles commands

## ---------------- ##
## Cache variables. ##
## ---------------- ##

ac_cv_build=x86_64-apple-darwin18.0.0
ac_cv_c_compiler_gnu=yes
ac_cv_cxx_compiler_gnu=yes
ac_cv_env_CCASFLAGS_set=
ac_cv_env_CCASFLAGS_value=
ac_cv_env_CCAS_set=
ac_cv_env_CCAS_value=
ac_cv_env_CCC_set=
ac_cv_env_CCC_value=
ac_cv_env_CC_set=
ac_cv_env_CC_value=
ac_cv_env_CFLAGS_set=
ac_cv_env_CFLAGS_value=
ac_cv_env_CPPFLAGS_set=
ac_cv_env_CPPFLAGS_value=
ac_cv_env_CPP_set=
ac_cv_env_CPP_value=
ac_cv_env_CXXFLAGS_set=
ac_cv_env_CXXFLAGS_value=
ac_cv_env_CXX_set=
ac_cv_env_CXX_value=
ac_cv_env_LDFLAGS_set=
ac_cv_env_LDFLAGS_value=
ac_cv_env_LIBS_set=
ac_cv_env_LIBS_value=
ac_cv_env_build_alias_set=
ac_cv_env_build_alias_value=
ac_cv_env_host_alias_set=
ac_cv_env_host_alias_value=
ac_cv_env_target_alias_set=
ac_cv_env_target_alias_value=
ac_cv_header_inttypes_h=yes
ac_cv_header_math_h=yes
ac_cv_header_memory_h=yes
ac_cv_header_stdc=yes
ac_cv_header_stdint_h=yes
ac_cv_header_stdlib_h=yes
ac_cv_header_string_h=yes
ac_cv_header_strings_h=yes
ac_cv_header_sys_stat_h=yes
ac_cv_header_sys_types_h=yes
ac_cv_header_unistd_h=yes
ac_cv_host=x86_64-apple-darwin18.0.0
ac_cv_lib_m_acos=yes
ac_cv_lib_m_acosf=yes
ac_cv_lib_m_acosh=yes
ac_cv_lib_m_acoshf=yes
ac_cv_lib_m_asin=yes
ac_cv_lib_m_asinf=yes
ac_cv_lib_m_asinh=yes
ac_cv_lib_m_asinhf=yes
ac_cv_lib_m_atan2=yes
ac_cv_lib_m_atan2f=yes
ac_cv_lib_m_atan=yes
ac_cv_lib_m_atanf=yes
ac_cv_lib_m_atanh=yes
ac_cv_lib_m_atanhf=yes
ac_cv_lib_m_cbrt=yes
ac_cv_lib_m_cbrtf=yes
ac_cv_lib_m_cos=yes
ac_cv_lib_m_cosf=yes
ac_cv_lib_m_cosh=yes
ac_cv_lib_m_coshf=yes
ac_cv_lib_m_exp2=yes
ac_cv_lib_m_exp2f=yes
ac_cv_lib_m_exp=yes
ac_cv_lib_m_expf=yes
ac_cv_lib_m_expm1=yes
ac_cv_lib_m_expm1f=yes
ac_cv_lib_m_fmax=yes
ac_cv_lib_m_fmaxf=yes
ac_cv_lib_m_fmin=yes
ac_cv_lib_m_fminf=yes
ac_cv_lib_m_fmod=yes
ac_cv_lib_m_fmodf=yes
ac_cv_lib_m_frexp=yes
ac_cv_lib_m_frexpf=yes
ac_cv_lib_m_hypot=yes
ac_cv_lib_m_hypotf=yes
ac_cv_lib_m_ldexp=yes
ac_cv_lib_m_ldexpf=yes
ac_cv_lib_m_log10=yes
ac_cv_lib_m_log10f=yes
ac_cv_lib_m_log1p=yes
ac_cv_lib_m_log1pf=yes
ac_cv_lib_m_log2=yes
ac_cv_lib_m_log2f=yes
ac_cv_lib_m_log=yes
ac_cv_lib_m_logb=yes
ac_cv_lib_m_logbf=yes
ac_cv_lib_m_logf=yes
ac_cv_lib_m_modf=yes
ac_cv_lib_m_modff=yes
ac_cv_lib_m_pow=yes
ac_cv_lib_m_powf=yes
ac_cv_lib_m_sin=yes
ac_cv_lib_m_sinf=yes
ac_cv_lib_m_sinh=yes
ac_cv_lib_m_sinhf=yes
ac_cv_lib_m_sqrt=yes
ac_cv_lib_m_sqrtf=yes
ac_cv_lib_m_tan=yes
ac_cv_lib_m_tanf=yes
ac_cv_lib_m_tanh=yes
ac_cv_lib_m_tanhf=yes
ac_cv_objext=o
ac_cv_path_EGREP='/usr/bin/grep -E'
ac_cv_path_GREP=/usr/bin/grep
ac_cv_path_install='/usr/bin/install -c'
ac_cv_prog_AWK=awk
ac_cv_prog_CPP='gcc -E'
ac_cv_prog_ac_ct_AR=ar
ac_cv_prog_ac_ct_CC=gcc
ac_cv_prog_ac_ct_CXX=g++
ac_cv_prog_ac_ct_RANLIB=ranlib
ac_cv_prog_cc_c89=
ac_cv_prog_cc_g=yes
ac_cv_prog_cxx_g=yes
ac_cv_prog_make_make_set=yes
am_cv_CCAS_dependencies_compiler_type=gcc3
am_cv_CC_dependencies_compiler_type=gcc3
am_cv_CXX_dependencies_compiler_type=gcc3
am_cv_ar_interface=ar
am_cv_make_support_nested_variables=yes
am_cv_prog_cc_c_o=yes

## ----------------- ##
## Output variables. ##
## ----------------- ##

ACLOCAL='${SHELL} /Users/fatine/Desktop/TP3/cadna_c-2.0.2/admin/missing aclocal-1.15'
AMDEPBACKSLASH='\'
AMDEP_FALSE='#'
AMDEP_TRUE=''
AMTAR='$${TAR-tar}'
AM_BACKSLASH='\'
AM_DEFAULT_V='$(AM_DEFAULT_VERBOSITY)'
AM_DEFAULT_VERBOSITY='1'
AM_V='$(V)'
AR='ar'
AUTOCONF='${SHELL} /Users/fatine/Desktop/TP3/cadna_c-2.0.2/admin/missing autoconf'
AUTOHEADER='${SHELL} /Users/fatine/Desktop/TP3/cadna_c-2.0.2/admin/missing autoheader'
AUTOMAKE='${SHELL} /Users/fatine/Desktop/TP3/cadna_c-2.0.2/admin/missing automake-1.15'
AWK='awk'
CC='gcc'
CCAS='gcc'
CCASDEPMODE='depmode=gcc3'
CCASFLAGS='-g -O2'
CCDEPMODE='depmode=gcc3'
CFLAGS='-g -Wall -O3'
CPP='gcc -E'
CPPFLAGS=''
CXX='g++'
CXXDEPMODE='depmode=gcc3'
CXXFLAGS='-g -Wall -O3 -I${prefix}/include -frounding-math'
CYGPATH_W='echo'
DEFS='-DHAVE_CONFIG_H'
DEPDIR='.deps'
ECHO_C='\c'
ECHO_N=''
ECHO_T=''
EGREP='/usr/bin/grep -E'
EXEEXT=''
GREP='/usr/bin/grep'
INSTALL_DATA='${INSTALL} -m 644'
INSTALL_PROGRAM='${INSTALL}'
INSTALL_SCRIPT='${INSTALL}'
INSTALL_STRIP_PROGRAM='$(install_sh) -c -s'
LDFLAGS=''
LDFLAGSCADNA='-L${exec_prefix}/lib -lcadnaC  '
LIBOBJS=''
LIBS=' -lm'
LTLIBOBJS=''
MAKEINFO='${SHELL} /Users/fatine/Desktop/TP3/cadna_c-2.0.2/admin/missing makeinfo'
MKDIR_P='admin/install-sh -c -d'
OBJEXT='o'
PACKAGE='cadna_c'
PACKAGE_BUGREPORT='cadna-team@lip6.fr'
PACKAGE_NAME='CADNA_C'
PACKAGE_STRING='CADNA_C 2.0.2'
PACKAGE_TARNAME='cadna_c'
PACKAGE_URL=''
PACKAGE_VERSION='2.0.2'
PATH_SEPARATOR=':'
RANLIB='ranlib'
SET_MAKE=''
SHELL='/bin/sh'
STRIP=''
VERSION='2.0.2'
ac_ct_AR='ar'
ac_ct_CC='gcc'
ac_ct_CXX='g++'
am__EXEEXT_FALSE=''
am__EXEEXT_TRUE='#'
am__fastdepCCAS_FALSE='#'
am__fastdepCCAS_TRUE=''
am__fastdepCC_FALSE='#'
am__fastdepCC_TRUE=''
am__fastdepCXX_FALSE='#'
am__fastdepCXX_TRUE=''
am__include='include'
am__isrc=''
am__leading_dot='.'
am__nodep='_no'
am__quote=''
am__tar='$${TAR-tar} chof - "$$tardir"'
am__untar='$${TAR-tar} xf -'
bindir='${exec_prefix}/bin'
build='x86_64-apple-darwin18.0.0'
build_alias=''
build_cpu='x86_64'
build_os='darwin18.0.0'
build_vendor='apple'
datadir='${datarootdir}'
datarootdir='${prefix}/share'
docdir='${datarootdir}/doc/${PACKAGE_TARNAME}'
dvidir='${docdir}'
exec_prefix='${prefix}'
host='x86_64-apple-darwin18.0.0'
host_alias=''
host_cpu='x86_64'
host_os='darwin18.0.0'
host_vendor='apple'
htmldir='${docdir}'
includedir='${prefix}/include'
infodir='${datarootdir}/info'
install_sh='${SHELL} /Users/fatine/Desktop/TP3/cadna_c-2.0.2/admin/install-sh'
libdir='${exec_prefix}/lib'
libexecdir='${exec_prefix}/libexec'
localedir='${datarootdir}/locale'
localstatedir='${prefix}/var'
mandir='${datarootdir}/man'
mkdir_p='$(MKDIR_P)'
oldincludedir='/usr/include'
pdfdir='${docdir}'
prefix='/Users/fatine/Desktop/TP3/cadna_c-2.0.2'
program_transform_name='s,x,x,'
psdir='${docdir}'
runstatedir='${localstatedir}/run'
sbindir='${exec_prefix}/sbin'
sharedstatedir='${prefix}/com'
sysconfdir='${prefix}/etc'
target_alias=''

## ----------- ##
## confdefs.h. ##
## ----------- ##

/* confdefs.h */
#define PACKAGE_NAME "CADNA_C"
#define PACKAGE_TARNAME "cadna_c"
#define PACKAGE_VERSION "2.0.2"
#define PACKAGE_STRING "CADNA_C 2.0.2"
#define PACKAGE_BUGREPORT "cadna-team@lip6.fr"
#define PACKAGE_URL ""
#define PACKAGE "cadna_c"
#define VERSION "2.0.2"
#define STDC_HEADERS 1
#define HAVE_SYS_TYPES_H 1
#define HAVE_SYS_STAT_H 1
#define HAVE_STDLIB_H 1
#define HAVE_STRING_H 1
#define HAVE_MEMORY_H 1
#define HAVE_STRINGS_H 1
#define HAVE_INTTYPES_H 1
#define HAVE_STDINT_H 1
#define HAVE_UNISTD_H 1
#define HAVE_MATH_H 1

configure: exit 0
